<?xml version="1.0" encoding="utf-8" standalone="no"?>
<!--This file represents the results of running a test suite-->
<test-results name="D:\encog-cs\encog-test\Encog-test.nunit" total="88" errors="0" failures="0" not-run="0" inconclusive="0" ignored="0" skipped="0" invalid="0" date="2010-05-23" time="12:06:02">
  <environment nunit-version="2.5.5.10112" clr-version="2.0.50727.3607" os-version="Microsoft Windows NT 5.1.2600 Service Pack 3" platform="Win32NT" cwd="D:\encog-cs\encog-test" machine-name="JHEATON-MINI" user="jheaton" user-domain="JHEATON-MINI" />
  <culture-info current-culture="en-US" current-uiculture="en-US" />
  <test-suite type="Project" name="D:\encog-cs\encog-test\Encog-test.nunit" executed="True" result="Success" success="True" time="11.453" asserts="0">
    <results>
      <test-suite type="Assembly" name="D:\encog-cs\encog-test\encog-test\bin\Release\encog-test.dll" executed="True" result="Success" success="True" time="11.344" asserts="0">
        <results>
          <test-suite type="Namespace" name="encog_test" executed="True" result="Success" success="True" time="11.344" asserts="0">
            <results>
              <test-suite type="Namespace" name="Data" executed="True" result="Success" success="True" time="5.391" asserts="0">
                <results>
                  <test-suite type="Namespace" name="CSV" executed="True" result="Success" success="True" time="0.813" asserts="0">
                    <results>
                      <test-suite type="TestFixture" name="TestCSVNeuralData" executed="True" result="Success" success="True" time="0.797" asserts="0">
                        <results>
                          <test-case name="encog_test.Data.CSV.TestCSVNeuralData.CSVData" executed="True" result="Success" success="True" time="0.766" asserts="12" />
                        </results>
                      </test-suite>
                    </results>
                  </test-suite>
                  <test-suite type="Namespace" name="Market" executed="True" result="Success" success="True" time="2.234" asserts="0">
                    <results>
                      <test-suite type="TestFixture" name="TestMarketData" executed="True" result="Success" success="True" time="1.984" asserts="0">
                        <results>
                          <test-case name="encog_test.Data.Market.TestMarketData.MarketData" executed="True" result="Success" success="True" time="1.984" asserts="66" />
                        </results>
                      </test-suite>
                      <test-suite type="TestFixture" name="TestYahooLoader" executed="True" result="Success" success="True" time="0.234" asserts="0">
                        <results>
                          <test-case name="encog_test.Data.Market.TestYahooLoader.Loader" executed="True" result="Success" success="True" time="0.234" asserts="2" />
                        </results>
                      </test-suite>
                    </results>
                  </test-suite>
                  <test-suite type="Namespace" name="SQL" executed="True" result="Success" success="True" time="1.781" asserts="0">
                    <results>
                      <test-suite type="TestFixture" name="TestSQLDataSet" executed="True" result="Success" success="True" time="1.781" asserts="0">
                        <results>
                          <test-case name="encog_test.Data.SQL.TestSQLDataSet.SQLDataSet" executed="True" result="Success" success="True" time="1.781" asserts="0" />
                        </results>
                      </test-suite>
                    </results>
                  </test-suite>
                  <test-suite type="Namespace" name="Temporal" executed="True" result="Success" success="True" time="0.063" asserts="0">
                    <results>
                      <test-suite type="TestFixture" name="TestTemporal" executed="True" result="Success" success="True" time="0.047" asserts="0">
                        <results>
                          <test-case name="encog_test.Data.Temporal.TestTemporal.ActivationTemporal" executed="True" result="Success" success="True" time="0.016" asserts="6" />
                          <test-case name="encog_test.Data.Temporal.TestTemporal.BasicTemporal" executed="True" result="Success" success="True" time="0.016" asserts="55" />
                          <test-case name="encog_test.Data.Temporal.TestTemporal.FormatTemporal" executed="True" result="Success" success="True" time="0.016" asserts="13" />
                          <test-case name="encog_test.Data.Temporal.TestTemporal.HiLowTemporal" executed="True" result="Success" success="True" time="0.000" asserts="16" />
                        </results>
                      </test-suite>
                    </results>
                  </test-suite>
                  <test-suite type="Namespace" name="XML" executed="True" result="Success" success="True" time="0.453" asserts="0">
                    <results>
                      <test-suite type="TestFixture" name="TestXMLNeuralData" executed="True" result="Success" success="True" time="0.453" asserts="0">
                        <results>
                          <test-case name="encog_test.Data.XML.TestXMLNeuralData.XMLNeuralData" executed="True" result="Success" success="True" time="0.438" asserts="14" />
                        </results>
                      </test-suite>
                    </results>
                  </test-suite>
                </results>
              </test-suite>
              <test-suite type="Namespace" name="Encog" executed="True" result="Success" success="True" time="4.594" asserts="0">
                <results>
                  <test-suite type="Namespace" name="Bot" executed="True" result="Success" success="True" time="1.719" asserts="0">
                    <results>
                      <test-suite type="Namespace" name="Browse" executed="True" result="Success" success="True" time="1.047" asserts="0">
                        <results>
                          <test-suite type="TestFixture" name="TestAddress" executed="True" result="Success" success="True" time="0.016" asserts="0">
                            <results>
                              <test-case name="encog_test.Encog.Bot.Browse.TestAddress.testAddressFunctions" executed="True" result="Success" success="True" time="0.016" asserts="4" />
                            </results>
                          </test-suite>
                          <test-suite type="TestFixture" name="TestBrowse" executed="True" result="Success" success="True" time="0.922" asserts="0">
                            <results>
                              <test-case name="encog_test.Encog.Bot.Browse.TestBrowse.testBrowse" executed="True" result="Success" success="True" time="0.547" asserts="1" />
                              <test-case name="encog_test.Encog.Bot.Browse.TestBrowse.testFormGET" executed="True" result="Success" success="True" time="0.375" asserts="2" />
                            </results>
                          </test-suite>
                          <test-suite type="TestFixture" name="TestWebPageData" executed="True" result="Success" success="True" time="0.078" asserts="0">
                            <results>
                              <test-case name="encog_test.Encog.Bot.Browse.TestWebPageData.testLink" executed="True" result="Success" success="True" time="0.063" asserts="6" />
                              <test-case name="encog_test.Encog.Bot.Browse.TestWebPageData.testSimple" executed="True" result="Success" success="True" time="0.016" asserts="9" />
                            </results>
                          </test-suite>
                        </results>
                      </test-suite>
                      <test-suite type="Namespace" name="HTML" executed="True" result="Success" success="True" time="0.078" asserts="0">
                        <results>
                          <test-suite type="TestFixture" name="TestParseHTML" executed="True" result="Success" success="True" time="0.078" asserts="0">
                            <results>
                              <test-case name="encog_test.Encog.Bot.HTML.TestParseHTML.testAttributeLess" executed="True" result="Success" success="True" time="0.016" asserts="12" />
                              <test-case name="encog_test.Encog.Bot.HTML.TestParseHTML.testAttributes" executed="True" result="Success" success="True" time="0.000" asserts="5" />
                              <test-case name="encog_test.Encog.Bot.HTML.TestParseHTML.testAttributesNoDELIM" executed="True" result="Success" success="True" time="0.016" asserts="5" />
                              <test-case name="encog_test.Encog.Bot.HTML.TestParseHTML.testBoth" executed="True" result="Success" success="True" time="0.000" asserts="7" />
                              <test-case name="encog_test.Encog.Bot.HTML.TestParseHTML.testBothWithAttributes" executed="True" result="Success" success="True" time="0.000" asserts="1" />
                              <test-case name="encog_test.Encog.Bot.HTML.TestParseHTML.testComment" executed="True" result="Success" success="True" time="0.016" asserts="3" />
                              <test-case name="encog_test.Encog.Bot.HTML.TestParseHTML.testScript" executed="True" result="Success" success="True" time="0.000" asserts="6" />
                              <test-case name="encog_test.Encog.Bot.HTML.TestParseHTML.testScript2" executed="True" result="Success" success="True" time="0.000" asserts="8" />
                              <test-case name="encog_test.Encog.Bot.HTML.TestParseHTML.testSimpleAttribute" executed="True" result="Success" success="True" time="0.000" asserts="2" />
                              <test-case name="encog_test.Encog.Bot.HTML.TestParseHTML.testSpecialCharacter" executed="True" result="Success" success="True" time="0.000" asserts="3" />
                              <test-case name="encog_test.Encog.Bot.HTML.TestParseHTML.testTagToString" executed="True" result="Success" success="True" time="0.000" asserts="1" />
                              <test-case name="encog_test.Encog.Bot.HTML.TestParseHTML.testToString" executed="True" result="Success" success="True" time="0.000" asserts="1" />
                            </results>
                          </test-suite>
                        </results>
                      </test-suite>
                      <test-suite type="TestFixture" name="TestBotUtil" executed="True" result="Success" success="True" time="0.500" asserts="0">
                        <results>
                          <test-case name="encog_test.Encog.Bot.TestBotUtil.testExtract" executed="True" result="Success" success="True" time="0.016" asserts="4" />
                          <test-case name="encog_test.Encog.Bot.TestBotUtil.testExtractFromIndex" executed="True" result="Success" success="True" time="0.000" asserts="5" />
                          <test-case name="encog_test.Encog.Bot.TestBotUtil.testLoadPage" executed="True" result="Success" success="True" time="0.359" asserts="1" />
                        </results>
                      </test-suite>
                    </results>
                  </test-suite>
                  <test-suite type="Namespace" name="Neural" executed="True" result="Success" success="True" time="2.797" asserts="0">
                    <results>
                      <test-suite type="Namespace" name="Activation" executed="True" result="Success" success="True" time="0.109" asserts="0">
                        <results>
                          <test-suite type="TestFixture" name="TestActivationBiPolar" executed="True" result="Success" success="True" time="0.016" asserts="0">
                            <results>
                              <test-case name="encog_test.Encog.Neural.Activation.TestActivationBiPolar.testBiPolar" executed="True" result="Success" success="True" time="0.016" asserts="6" />
                            </results>
                          </test-suite>
                          <test-suite type="TestFixture" name="TestActivationGaussian" executed="True" result="Success" success="True" time="0.016" asserts="0">
                            <results>
                              <test-case name="encog_test.Encog.Neural.Activation.TestActivationGaussian.testGaussian" executed="True" result="Success" success="True" time="0.016" asserts="6" />
                            </results>
                          </test-suite>
                          <test-suite type="TestFixture" name="TestActivationLinear" executed="True" result="Success" success="True" time="0.016" asserts="0">
                            <results>
                              <test-case name="encog_test.Encog.Neural.Activation.TestActivationLinear.testLinear" executed="True" result="Success" success="True" time="0.016" asserts="7" />
                            </results>
                          </test-suite>
                          <test-suite type="TestFixture" name="TestActivationLOG" executed="True" result="Success" success="True" time="0.000" asserts="0">
                            <results>
                              <test-case name="encog_test.Encog.Neural.Activation.TestActivationLOG.testLog" executed="True" result="Success" success="True" time="0.000" asserts="6" />
                            </results>
                          </test-suite>
                          <test-suite type="TestFixture" name="TestActivationSigmoid" executed="True" result="Success" success="True" time="0.016" asserts="0">
                            <results>
                              <test-case name="encog_test.Encog.Neural.Activation.TestActivationSigmoid.testSigmoid" executed="True" result="Success" success="True" time="0.016" asserts="6" />
                            </results>
                          </test-suite>
                          <test-suite type="TestFixture" name="TestActivationSIN" executed="True" result="Success" success="True" time="0.000" asserts="0">
                            <results>
                              <test-case name="encog_test.Encog.Neural.Activation.TestActivationSIN.testSIN" executed="True" result="Success" success="True" time="0.000" asserts="6" />
                            </results>
                          </test-suite>
                          <test-suite type="TestFixture" name="TestActivationSoftMax" executed="True" result="Success" success="True" time="0.000" asserts="0">
                            <results>
                              <test-case name="encog_test.Encog.Neural.Activation.TestActivationSoftMax.testSIN" executed="True" result="Success" success="True" time="0.000" asserts="6" />
                            </results>
                          </test-suite>
                          <test-suite type="TestFixture" name="TestActivationTANH" executed="True" result="Success" success="True" time="0.016" asserts="0">
                            <results>
                              <test-case name="encog_test.Encog.Neural.Activation.TestActivationTANH.testTANH" executed="True" result="Success" success="True" time="0.016" asserts="6" />
                            </results>
                          </test-suite>
                          <test-suite type="TestFixture" name="TestActivationUtil" executed="True" result="Success" success="True" time="0.000" asserts="0">
                            <results>
                              <test-case name="encog_test.Encog.Neural.Activation.TestActivationUtil.testActivationUtil" executed="True" result="Success" success="True" time="0.000" asserts="1" />
                            </results>
                          </test-suite>
                        </results>
                      </test-suite>
                      <test-suite type="Namespace" name="Networks" executed="True" result="Success" success="True" time="2.641" asserts="0">
                        <results>
                          <test-suite type="Namespace" name="Training" executed="True" result="Success" success="True" time="2.641" asserts="0">
                            <results>
                              <test-suite type="TestFixture" name="TestTraining" executed="True" result="Success" success="True" time="2.625" asserts="0">
                                <results>
                                  <test-case name="encog_test.Encog.Neural.Networks.Training.TestTraining.TestAnneal" executed="True" result="Success" success="True" time="0.328" asserts="1" />
                                  <test-case name="encog_test.Encog.Neural.Networks.Training.TestTraining.TestBPROP" executed="True" result="Success" success="True" time="0.063" asserts="1" />
                                  <test-case name="encog_test.Encog.Neural.Networks.Training.TestTraining.TestCont" executed="True" result="Success" success="True" time="0.016" asserts="1" />
                                  <test-case name="encog_test.Encog.Neural.Networks.Training.TestTraining.TestGenetic" executed="True" result="Success" success="True" time="2.094" asserts="1" />
                                  <test-case name="encog_test.Encog.Neural.Networks.Training.TestTraining.TestManhattan" executed="True" result="Success" success="True" time="0.016" asserts="1" />
                                  <test-case name="encog_test.Encog.Neural.Networks.Training.TestTraining.TestRPROP" executed="True" result="Success" success="True" time="0.000" asserts="1" />
                                  <test-case name="encog_test.Encog.Neural.Networks.Training.TestTraining.TestSCG" executed="True" result="Success" success="True" time="0.094" asserts="1" />
                                </results>
                              </test-suite>
                            </results>
                          </test-suite>
                        </results>
                      </test-suite>
                    </results>
                  </test-suite>
                  <test-suite type="Namespace" name="Parse" executed="True" result="Success" success="True" time="0.047" asserts="0">
                    <results>
                      <test-suite type="Namespace" name="Tags" executed="True" result="Success" success="True" time="0.047" asserts="0">
                        <results>
                          <test-suite type="Namespace" name="Read" executed="True" result="Success" success="True" time="0.016" asserts="0">
                            <results>
                              <test-suite type="TestFixture" name="TestXMLRead" executed="True" result="Success" success="True" time="0.016" asserts="0">
                                <results>
                                  <test-case name="encog_test.Encog.Parse.Tags.Read.TestXMLRead.testRead" executed="True" result="Success" success="True" time="0.016" asserts="7" />
                                </results>
                              </test-suite>
                            </results>
                          </test-suite>
                          <test-suite type="Namespace" name="Write" executed="True" result="Success" success="True" time="0.016" asserts="0">
                            <results>
                              <test-suite type="TestFixture" name="TestXMLWrite" executed="True" result="Success" success="True" time="0.016" asserts="0">
                                <results>
                                  <test-case name="encog_test.Encog.Parse.Tags.Write.TestXMLWrite.testXMLWrite" executed="True" result="Success" success="True" time="0.000" asserts="1" />
                                </results>
                              </test-suite>
                            </results>
                          </test-suite>
                        </results>
                      </test-suite>
                    </results>
                  </test-suite>
                </results>
              </test-suite>
              <test-suite type="Namespace" name="Neural" executed="True" result="Success" success="True" time="0.766" asserts="0">
                <results>
                  <test-suite type="Namespace" name="Networks" executed="True" result="Success" success="True" time="0.063" asserts="0">
                    <results>
                      <test-suite type="Namespace" name="Training" executed="True" result="Success" success="True" time="0.047" asserts="0">
                        <results>
                          <test-suite type="TestFixture" name="TestCompetitive" executed="True" result="Success" success="True" time="0.031" asserts="0">
                            <results>
                              <test-case name="encog_test.Neural.Networks.Training.TestCompetitive.TestSOM" executed="True" result="Success" success="True" time="0.031" asserts="1" />
                            </results>
                          </test-suite>
                        </results>
                      </test-suite>
                    </results>
                  </test-suite>
                  <test-suite type="Namespace" name="Persist" executed="True" result="Success" success="True" time="0.688" asserts="0">
                    <results>
                      <test-suite type="TestFixture" name="TestPersist" executed="True" result="Success" success="True" time="0.688" asserts="0">
                        <results>
                          <test-case name="encog_test.Neural.Persist.TestPersist.testPersist" executed="True" result="Success" success="True" time="0.688" asserts="2" />
                        </results>
                      </test-suite>
                    </results>
                  </test-suite>
                </results>
              </test-suite>
              <test-suite type="Namespace" name="TestMatrix" executed="True" result="Success" success="True" time="0.313" asserts="0">
                <results>
                  <test-suite type="TestFixture" name="TestBiPolarUtil" executed="True" result="Success" success="True" time="0.047" asserts="0">
                    <results>
                      <test-case name="encog_test.TestMatrix.TestBiPolarUtil.Binary" executed="True" result="Success" success="True" time="0.000" asserts="5" />
                      <test-case name="encog_test.TestMatrix.TestBiPolarUtil.Bipolar2double" executed="True" result="Success" success="True" time="0.016" asserts="2" />
                      <test-case name="encog_test.TestMatrix.TestBiPolarUtil.Double2bipolar" executed="True" result="Success" success="True" time="0.016" asserts="8" />
                    </results>
                  </test-suite>
                  <test-suite type="TestFixture" name="TestMatrix" executed="True" result="Success" success="True" time="0.172" asserts="0">
                    <results>
                      <test-case name="encog_test.TestMatrix.TestMatrix.Add" executed="True" result="Success" success="True" time="0.000" asserts="1" />
                      <test-case name="encog_test.TestMatrix.TestMatrix.Boolean" executed="True" result="Success" success="True" time="0.016" asserts="1" />
                      <test-case name="encog_test.TestMatrix.TestMatrix.Clear" executed="True" result="Success" success="True" time="0.000" asserts="4" />
                      <test-case name="encog_test.TestMatrix.TestMatrix.ColumnMatrix" executed="True" result="Success" success="True" time="0.000" asserts="4" />
                      <test-case name="encog_test.TestMatrix.TestMatrix.GetCol" executed="True" result="Success" success="True" time="0.016" asserts="2" />
                      <test-case name="encog_test.TestMatrix.TestMatrix.GetRow" executed="True" result="Success" success="True" time="0.016" asserts="2" />
                      <test-case name="encog_test.TestMatrix.TestMatrix.IsVector" executed="True" result="Success" success="True" time="0.000" asserts="3" />
                      <test-case name="encog_test.TestMatrix.TestMatrix.IsZero" executed="True" result="Success" success="True" time="0.016" asserts="2" />
                      <test-case name="encog_test.TestMatrix.TestMatrix.MatrixConstruct" executed="True" result="Success" success="True" time="0.000" asserts="2" />
                      <test-case name="encog_test.TestMatrix.TestMatrix.MatrixEquals" executed="True" result="Success" success="True" time="0.016" asserts="2" />
                      <test-case name="encog_test.TestMatrix.TestMatrix.MatrixEqualsPrecision" executed="True" result="Success" success="True" time="0.000" asserts="4" />
                      <test-case name="encog_test.TestMatrix.TestMatrix.MatrixMultiply" executed="True" result="Success" success="True" time="0.016" asserts="2" />
                      <test-case name="encog_test.TestMatrix.TestMatrix.PackedArray" executed="True" result="Success" success="True" time="0.000" asserts="6" />
                      <test-case name="encog_test.TestMatrix.TestMatrix.PackedArray2" executed="True" result="Success" success="True" time="0.000" asserts="3" />
                      <test-case name="encog_test.TestMatrix.TestMatrix.Randomize" executed="True" result="Success" success="True" time="0.000" asserts="0" />
                      <test-case name="encog_test.TestMatrix.TestMatrix.RowAndColRangeOver" executed="True" result="Success" success="True" time="0.000" asserts="0" />
                      <test-case name="encog_test.TestMatrix.TestMatrix.RowAndColRangeUnder" executed="True" result="Success" success="True" time="0.000" asserts="0" />
                      <test-case name="encog_test.TestMatrix.TestMatrix.RowMatrix" executed="True" result="Success" success="True" time="0.000" asserts="4" />
                      <test-case name="encog_test.TestMatrix.TestMatrix.RowsAndCols" executed="True" result="Success" success="True" time="0.000" asserts="3" />
                      <test-case name="encog_test.TestMatrix.TestMatrix.Size" executed="True" result="Success" success="True" time="0.000" asserts="1" />
                      <test-case name="encog_test.TestMatrix.TestMatrix.Sum" executed="True" result="Success" success="True" time="0.000" asserts="1" />
                      <test-case name="encog_test.TestMatrix.TestMatrix.VectorLength" executed="True" result="Success" success="True" time="0.000" asserts="1" />
                      <test-case name="encog_test.TestMatrix.TestMatrix.Zero" executed="True" result="Success" success="True" time="0.000" asserts="1" />
                    </results>
                  </test-suite>
                  <test-suite type="TestFixture" name="TestMatrixMath" executed="True" result="Success" success="True" time="0.063" asserts="0">
                    <results>
                      <test-case name="encog_test.TestMatrix.TestMatrixMath.Copy" executed="True" result="Success" success="True" time="0.000" asserts="1" />
                      <test-case name="encog_test.TestMatrix.TestMatrixMath.DeleteCol" executed="True" result="Success" success="True" time="0.016" asserts="1" />
                      <test-case name="encog_test.TestMatrix.TestMatrixMath.DeleteRow" executed="True" result="Success" success="True" time="0.000" asserts="1" />
                      <test-case name="encog_test.TestMatrix.TestMatrixMath.Divide" executed="True" result="Success" success="True" time="0.016" asserts="1" />
                      <test-case name="encog_test.TestMatrix.TestMatrixMath.DotProduct" executed="True" result="Success" success="True" time="0.000" asserts="1" />
                      <test-case name="encog_test.TestMatrix.TestMatrixMath.Identity" executed="True" result="Success" success="True" time="0.000" asserts="1" />
                      <test-case name="encog_test.TestMatrix.TestMatrixMath.Inverse" executed="True" result="Success" success="True" time="0.000" asserts="1" />
                      <test-case name="encog_test.TestMatrix.TestMatrixMath.Multiply" executed="True" result="Success" success="True" time="0.000" asserts="1" />
                      <test-case name="encog_test.TestMatrix.TestMatrixMath.MultiplyScalar" executed="True" result="Success" success="True" time="0.016" asserts="1" />
                      <test-case name="encog_test.TestMatrix.TestMatrixMath.VerifySame" executed="True" result="Success" success="True" time="0.000" asserts="0" />
                    </results>
                  </test-suite>
                </results>
              </test-suite>
              <test-suite type="Namespace" name="Util" executed="True" result="Success" success="True" time="0.172" asserts="0">
                <results>
                  <test-suite type="TestFixture" name="TestSerializeObject" executed="True" result="Success" success="True" time="0.172" asserts="0">
                    <results>
                      <test-case name="encog_test.Util.TestSerializeObject.testSerializeNetwork" executed="True" result="Success" success="True" time="0.063" asserts="1" />
                      <test-case name="encog_test.Util.TestSerializeObject.testSerializeNetwork2" executed="True" result="Success" success="True" time="0.047" asserts="1" />
                      <test-case name="encog_test.Util.TestSerializeObject.testSerializeXOR" executed="True" result="Success" success="True" time="0.047" asserts="12" />
                    </results>
                  </test-suite>
                </results>
              </test-suite>
            </results>
          </test-suite>
        </results>
      </test-suite>
    </results>
  </test-suite>
</test-results>