<?xml version="1.0" encoding="utf-8" standalone="no"?>
<!--This file represents the results of running a test suite-->
<test-results name="C:\encog-cs\encog-test\Encog-test.nunit" total="12" errors="0" failures="0" not-run="0" ignored="0" skipped="0" invalid="0" date="2009-07-28" time="02:19:11">
  <environment nunit-version="2.5.0.9122" clr-version="2.0.50727.3082" os-version="Microsoft Windows NT 5.1.2600 Service Pack 3" platform="Win32NT" cwd="C:\Program Files\NUnit 2.5\bin\net-2.0" machine-name="JEFF-F9BE40219C" user="Administrator" user-domain="JEFF-F9BE40219C" />
  <culture-info current-culture="en-US" current-uiculture="en-US" />
  <test-suite name="C:\encog-cs\encog-test\Encog-test.nunit" executed="True" success="True" time="0.172" asserts="0">
    <results>
      <test-suite name="C:\encog-cs\encog-test\encog-test\bin\Release\encog-test.dll" executed="True" success="True" time="0.172" asserts="0">
        <results>
          <test-suite name="encog_test" executed="True" success="True" time="0.172" asserts="0">
            <results>
              <test-suite name="Encog" executed="True" success="True" time="0.172" asserts="0">
                <results>
                  <test-suite name="Bot" executed="True" success="True" time="0.156" asserts="0">
                    <results>
                      <test-suite name="HTML" executed="True" success="True" time="0.156" asserts="0">
                        <results>
                          <test-suite name="TestParseHTML" executed="True" success="True" time="0.156" asserts="0">
                            <results>
                              <test-case name="encog_test.Encog.Bot.HTML.TestParseHTML.testAttributeLess" executed="True" success="True" time="0.094" asserts="12" />
                              <test-case name="encog_test.Encog.Bot.HTML.TestParseHTML.testAttributes" executed="True" success="True" time="0.016" asserts="5" />
                              <test-case name="encog_test.Encog.Bot.HTML.TestParseHTML.testAttributesNoDELIM" executed="True" success="True" time="0.000" asserts="5" />
                              <test-case name="encog_test.Encog.Bot.HTML.TestParseHTML.testBoth" executed="True" success="True" time="0.000" asserts="7" />
                              <test-case name="encog_test.Encog.Bot.HTML.TestParseHTML.testBothWithAttributes" executed="True" success="True" time="0.000" asserts="1" />
                              <test-case name="encog_test.Encog.Bot.HTML.TestParseHTML.testComment" executed="True" success="True" time="0.000" asserts="3" />
                              <test-case name="encog_test.Encog.Bot.HTML.TestParseHTML.testScript" executed="True" success="True" time="0.000" asserts="6" />
                              <test-case name="encog_test.Encog.Bot.HTML.TestParseHTML.testScript2" executed="True" success="True" time="0.016" asserts="8" />
                              <test-case name="encog_test.Encog.Bot.HTML.TestParseHTML.testSimpleAttribute" executed="True" success="True" time="0.000" asserts="2" />
                              <test-case name="encog_test.Encog.Bot.HTML.TestParseHTML.testSpecialCharacter" executed="True" success="True" time="0.000" asserts="3" />
                              <test-case name="encog_test.Encog.Bot.HTML.TestParseHTML.testTagToString" executed="True" success="True" time="0.000" asserts="1" />
                              <test-case name="encog_test.Encog.Bot.HTML.TestParseHTML.testToString" executed="True" success="True" time="0.000" asserts="1" />
                            </results>
                          </test-suite>
                        </results>
                      </test-suite>
                    </results>
                  </test-suite>
                </results>
              </test-suite>
            </results>
          </test-suite>
        </results>
      </test-suite>
    </results>
  </test-suite>
</test-results>